2025-04-05 12:57:51             SUCCESS             MOFSLOPENAPI.py             Initilize Constructor
2025-04-05 12:57:57             SUCCESS             MOFSLOPENAPI.py             GetManufacturerunknown
2025-04-05 12:57:57             SUCCESS             MOFSLOPENAPI.py             Initilize Constructor Done
2025-04-05 12:57:57             SUCCESS             MOFSLOPENAPI.py             Initilize login request send
2025-04-05 12:57:57             SUCCESS             MOFSLOPENAPI.py             Initilize Post WebRequest Sent
2025-04-05 12:57:58             SUCCESS             MOFSLOPENAPI.py             Post WebRequest Send Successfully
2025-04-05 12:57:58             SUCCESS             MOFSLOPENAPI.py             Login sucessfully
2025-04-05 12:58:18             SUCCESS             MOFSLOPENAPI.py             Initilaize verifyotp request send
2025-04-05 12:58:18             SUCCESS             MOFSLOPENAPI.py             Initilize Post WebRequest Sent
2025-04-05 12:58:18             SUCCESS             MOFSLOPENAPI.py             Post WebRequest Send Successfully
2025-04-05 12:58:18             SUCCESS             MOFSLOPENAPI.py             verifyotp request sent Successfully
2025-04-05 13:04:54             SUCCESS             MOFSLOPENAPI.py             Initilaize verifyotp request send
2025-04-05 13:04:54             SUCCESS             MOFSLOPENAPI.py             Initilize Post WebRequest Sent
2025-04-05 13:04:54             SUCCESS             MOFSLOPENAPI.py             Post WebRequest Send Successfully
2025-04-05 13:04:54             SUCCESS             MOFSLOPENAPI.py             verifyotp request sent Successfully
2025-04-05 13:08:21             SUCCESS             MOFSLOPENAPI.py             Initilaize verifyotp request send
2025-04-05 13:08:21             SUCCESS             MOFSLOPENAPI.py             Initilize Post WebRequest Sent
2025-04-05 13:08:31             SUCCESS             MOFSLOPENAPI.py             Post WebRequest Send Successfully
2025-04-05 13:08:31             SUCCESS             MOFSLOPENAPI.py             verifyotp request sent Successfully
2025-04-05 13:13:10             SUCCESS             MOFSLOPENAPI.py             Initilize Constructor
2025-04-05 13:13:16             SUCCESS             MOFSLOPENAPI.py             GetManufacturerunknown
2025-04-05 13:13:16             SUCCESS             MOFSLOPENAPI.py             Initilize Constructor Done
2025-04-05 13:13:16             SUCCESS             MOFSLOPENAPI.py             Initilize login request send
2025-04-05 13:13:16             SUCCESS             MOFSLOPENAPI.py             Initilize Post WebRequest Sent
2025-04-05 13:13:16             SUCCESS             MOFSLOPENAPI.py             Post WebRequest Send Successfully
2025-04-05 13:13:16             SUCCESS             MOFSLOPENAPI.py             Login sucessfully
2025-04-05 13:14:55             SUCCESS             MOFSLOPENAPI.py             Initilize login request send
2025-04-05 13:14:55             SUCCESS             MOFSLOPENAPI.py             Initilize Post WebRequest Sent
2025-04-05 13:14:55             SUCCESS             MOFSLOPENAPI.py             Post WebRequest Send Successfully
2025-04-05 13:14:55             SUCCESS             MOFSLOPENAPI.py             Login sucessfully
2025-04-05 13:16:30             SUCCESS             MOFSLOPENAPI.py             Initilize Constructor
2025-04-05 13:16:31             SUCCESS             MOFSLOPENAPI.py             GetManufacturerunknown
2025-04-05 13:16:31             SUCCESS             MOFSLOPENAPI.py             Initilize Constructor Done
2025-04-05 13:16:31             SUCCESS             MOFSLOPENAPI.py             Initilize login request send
2025-04-05 13:16:31             SUCCESS             MOFSLOPENAPI.py             Initilize Post WebRequest Sent
2025-04-05 13:16:31             SUCCESS             MOFSLOPENAPI.py             Post WebRequest Send Successfully
2025-04-05 13:16:31             SUCCESS             MOFSLOPENAPI.py             Login sucessfully
2025-04-05 13:18:21             SUCCESS             MOFSLOPENAPI.py             Initilize Constructor
2025-04-05 13:18:22             SUCCESS             MOFSLOPENAPI.py             GetManufacturerunknown
2025-04-05 13:18:22             SUCCESS             MOFSLOPENAPI.py             Initilize Constructor Done
2025-04-05 13:18:22             SUCCESS             MOFSLOPENAPI.py             Initilize login request send
2025-04-05 13:18:22             SUCCESS             MOFSLOPENAPI.py             Initilize Post WebRequest Sent
2025-04-05 13:18:22             SUCCESS             MOFSLOPENAPI.py             Post WebRequest Send Successfully
2025-04-05 13:18:22             SUCCESS             MOFSLOPENAPI.py             Login sucessfully
2025-04-05 13:20:50             SUCCESS             MOFSLOPENAPI.py             Initilize Constructor
2025-04-05 13:20:50             SUCCESS             MOFSLOPENAPI.py             GetManufacturerunknown
2025-04-05 13:20:50             SUCCESS             MOFSLOPENAPI.py             Initilize Constructor Done
2025-04-05 13:20:50             SUCCESS             MOFSLOPENAPI.py             Initilize login request send
2025-04-05 13:20:50             SUCCESS             MOFSLOPENAPI.py             Initilize Post WebRequest Sent
2025-04-05 13:20:51             SUCCESS             MOFSLOPENAPI.py             Post WebRequest Send Successfully
2025-04-05 13:20:51             SUCCESS             MOFSLOPENAPI.py             Login sucessfully
2025-04-05 13:22:31             SUCCESS             MOFSLOPENAPI.py             Initilize login request send
2025-04-05 13:22:31             SUCCESS             MOFSLOPENAPI.py             Initilize Post WebRequest Sent
2025-04-05 13:22:32             SUCCESS             MOFSLOPENAPI.py             Post WebRequest Send Successfully
2025-04-05 13:22:32             SUCCESS             MOFSLOPENAPI.py             Login sucessfully
2025-04-05 13:24:20             SUCCESS             MOFSLOPENAPI.py             Initilize Constructor
2025-04-05 13:24:21             SUCCESS             MOFSLOPENAPI.py             GetManufacturerunknown
2025-04-05 13:24:21             SUCCESS             MOFSLOPENAPI.py             Initilize Constructor Done
2025-04-05 13:24:21             SUCCESS             MOFSLOPENAPI.py             Initilize login request send
2025-04-05 13:24:21             SUCCESS             MOFSLOPENAPI.py             Initilize Post WebRequest Sent
2025-04-05 13:24:21             SUCCESS             MOFSLOPENAPI.py             Post WebRequest Send Successfully
2025-04-05 13:24:21             SUCCESS             MOFSLOPENAPI.py             Login sucessfully
2025-04-05 13:40:23             SUCCESS             MOFSLOPENAPI.py             Initilize Constructor
2025-04-05 13:40:27             SUCCESS             MOFSLOPENAPI.py             GetManufacturerunknown
2025-04-05 13:40:27             SUCCESS             MOFSLOPENAPI.py             Initilize Constructor Done
2025-04-05 13:40:27             SUCCESS             MOFSLOPENAPI.py             Initilize login request send
2025-04-05 13:40:27             SUCCESS             MOFSLOPENAPI.py             Initilize Post WebRequest Sent
2025-04-05 13:40:27             SUCCESS             MOFSLOPENAPI.py             Post WebRequest Send Successfully
2025-04-05 13:40:27             SUCCESS             MOFSLOPENAPI.py             Login sucessfully
2025-04-05 13:42:25             SUCCESS             MOFSLOPENAPI.py             Initilize login request send
2025-04-05 13:42:25             SUCCESS             MOFSLOPENAPI.py             Initilize Post WebRequest Sent
2025-04-05 13:42:25             SUCCESS             MOFSLOPENAPI.py             Post WebRequest Send Successfully
2025-04-05 13:42:25             SUCCESS             MOFSLOPENAPI.py             Login sucessfully
2025-04-05 13:42:33             SUCCESS             MOFSLOPENAPI.py             Initilize login request send
2025-04-05 13:42:33             SUCCESS             MOFSLOPENAPI.py             Initilize Post WebRequest Sent
2025-04-05 13:42:33             SUCCESS             MOFSLOPENAPI.py             Post WebRequest Send Successfully
2025-04-05 13:42:33             SUCCESS             MOFSLOPENAPI.py             Login sucessfully
2025-04-05 13:42:51             SUCCESS             MOFSLOPENAPI.py             Initilize Constructor
2025-04-05 13:42:51             SUCCESS             MOFSLOPENAPI.py             GetManufacturerunknown
2025-04-05 13:42:51             SUCCESS             MOFSLOPENAPI.py             Initilize Constructor Done
2025-04-05 13:42:51             SUCCESS             MOFSLOPENAPI.py             Initilize login request send
2025-04-05 13:42:51             SUCCESS             MOFSLOPENAPI.py             Initilize Post WebRequest Sent
2025-04-05 13:42:52             SUCCESS             MOFSLOPENAPI.py             Post WebRequest Send Successfully
2025-04-05 13:42:52             SUCCESS             MOFSLOPENAPI.py             Login sucessfully
2025-04-05 13:47:32             SUCCESS             MOFSLOPENAPI.py             Initilize Constructor
2025-04-05 13:47:33             SUCCESS             MOFSLOPENAPI.py             GetManufacturerunknown
2025-04-05 13:47:33             SUCCESS             MOFSLOPENAPI.py             Initilize Constructor Done
2025-04-05 13:47:33             SUCCESS             MOFSLOPENAPI.py             Initilize login request send
2025-04-05 13:47:33             SUCCESS             MOFSLOPENAPI.py             Initilize Post WebRequest Sent
2025-04-05 13:47:33             SUCCESS             MOFSLOPENAPI.py             Post WebRequest Send Successfully
2025-04-05 13:47:33             SUCCESS             MOFSLOPENAPI.py             Login sucessfully
2025-04-05 13:50:59             SUCCESS             MOFSLOPENAPI.py             Initilize Constructor
2025-04-05 13:51:02             SUCCESS             MOFSLOPENAPI.py             GetManufacturerunknown
2025-04-05 13:51:02             SUCCESS             MOFSLOPENAPI.py             Initilize Constructor Done
2025-04-05 13:51:02             SUCCESS             MOFSLOPENAPI.py             Initilize login request send
2025-04-05 13:51:02             SUCCESS             MOFSLOPENAPI.py             Initilize Post WebRequest Sent
2025-04-05 13:51:03             SUCCESS             MOFSLOPENAPI.py             Post WebRequest Send Successfully
2025-04-05 13:51:03             SUCCESS             MOFSLOPENAPI.py             Login sucessfully
2025-04-05 13:54:34             SUCCESS             MOFSLOPENAPI.py             Initilize Constructor
2025-04-05 13:54:34             SUCCESS             MOFSLOPENAPI.py             GetManufacturerunknown
2025-04-05 13:54:34             SUCCESS             MOFSLOPENAPI.py             Initilize Constructor Done
2025-04-05 13:55:06             SUCCESS             MOFSLOPENAPI.py             Initilize login request send
2025-04-05 13:55:06             SUCCESS             MOFSLOPENAPI.py             Initilize Post WebRequest Sent
2025-04-05 13:55:06             SUCCESS             MOFSLOPENAPI.py             Post WebRequest Send Successfully
2025-04-05 13:55:06             ERROR             MOFSLOPENAPI.py             Invalid UserId Or Password
2025-04-05 13:55:45             SUCCESS             MOFSLOPENAPI.py             Initilize login request send
2025-04-05 13:55:45             SUCCESS             MOFSLOPENAPI.py             Initilize Post WebRequest Sent
2025-04-05 13:55:45             SUCCESS             MOFSLOPENAPI.py             Post WebRequest Send Successfully
2025-04-05 13:55:45             ERROR             MOFSLOPENAPI.py             Invalid UserId Or Password
2025-04-05 18:50:58             SUCCESS             MOFSLOPENAPI.py             Initilize Constructor
2025-04-05 18:50:59             SUCCESS             MOFSLOPENAPI.py             GetManufacturerunknown
2025-04-05 18:50:59             SUCCESS             MOFSLOPENAPI.py             Initilize Constructor Done
2025-04-05 18:50:59             SUCCESS             MOFSLOPENAPI.py             Initilize login request send
2025-04-05 18:50:59             SUCCESS             MOFSLOPENAPI.py             Initilize Post WebRequest Sent
2025-04-05 18:51:04             SUCCESS             MOFSLOPENAPI.py             Post WebRequest Send Successfully
2025-04-05 18:51:04             SUCCESS             MOFSLOPENAPI.py             Login sucessfully
2025-04-05 18:51:47             SUCCESS             MOFSLOPENAPI.py             Initilize login request send
2025-04-05 18:51:47             SUCCESS             MOFSLOPENAPI.py             Initilize Post WebRequest Sent
2025-04-05 18:51:47             SUCCESS             MOFSLOPENAPI.py             Post WebRequest Send Successfully
2025-04-05 18:51:47             SUCCESS             MOFSLOPENAPI.py             Login sucessfully
2025-04-05 18:51:56             SUCCESS             MOFSLOPENAPI.py             Initilize Constructor
2025-04-05 18:51:57             SUCCESS             MOFSLOPENAPI.py             GetManufacturerunknown
2025-04-05 18:51:57             SUCCESS             MOFSLOPENAPI.py             Initilize Constructor Done
2025-04-05 18:51:57             SUCCESS             MOFSLOPENAPI.py             Initilize login request send
2025-04-05 18:51:57             SUCCESS             MOFSLOPENAPI.py             Initilize Post WebRequest Sent
2025-04-05 18:51:57             SUCCESS             MOFSLOPENAPI.py             Post WebRequest Send Successfully
2025-04-05 18:51:57             SUCCESS             MOFSLOPENAPI.py             Login sucessfully
2025-04-05 18:56:21             SUCCESS             MOFSLOPENAPI.py             Initilize Constructor
2025-04-05 18:56:21             SUCCESS             MOFSLOPENAPI.py             GetManufacturerunknown
2025-04-05 18:56:21             SUCCESS             MOFSLOPENAPI.py             Initilize Constructor Done
2025-04-05 18:56:21             SUCCESS             MOFSLOPENAPI.py             Initilize login request send
2025-04-05 18:56:21             SUCCESS             MOFSLOPENAPI.py             Initilize Post WebRequest Sent
2025-04-05 18:56:22             SUCCESS             MOFSLOPENAPI.py             Post WebRequest Send Successfully
2025-04-05 18:56:22             SUCCESS             MOFSLOPENAPI.py             Login sucessfully
2025-04-05 19:02:30             SUCCESS             MOFSLOPENAPI.py             Initilize Constructor
2025-04-05 19:02:31             SUCCESS             MOFSLOPENAPI.py             GetManufacturerunknown
2025-04-05 19:02:31             SUCCESS             MOFSLOPENAPI.py             Initilize Constructor Done
2025-04-05 19:02:31             SUCCESS             MOFSLOPENAPI.py             Initilize login request send
2025-04-05 19:02:31             SUCCESS             MOFSLOPENAPI.py             Initilize Post WebRequest Sent
2025-04-05 19:02:31             SUCCESS             MOFSLOPENAPI.py             Post WebRequest Send Successfully
2025-04-05 19:02:31             SUCCESS             MOFSLOPENAPI.py             Login sucessfully
2025-04-05 19:02:43             SUCCESS             MOFSLOPENAPI.py             Initilize login request send
2025-04-05 19:02:43             SUCCESS             MOFSLOPENAPI.py             Initilize Post WebRequest Sent
2025-04-05 19:02:43             SUCCESS             MOFSLOPENAPI.py             Post WebRequest Send Successfully
2025-04-05 19:02:43             SUCCESS             MOFSLOPENAPI.py             Login sucessfully
2025-04-05 19:10:19             SUCCESS             MOFSLOPENAPI.py             Initilize login request send
2025-04-05 19:10:19             SUCCESS             MOFSLOPENAPI.py             Initilize Post WebRequest Sent
2025-04-05 19:10:19             SUCCESS             MOFSLOPENAPI.py             Post WebRequest Send Successfully
2025-04-05 19:10:19             SUCCESS             MOFSLOPENAPI.py             Login sucessfully
2025-04-05 19:11:31             SUCCESS             MOFSLOPENAPI.py             Initilize Constructor
2025-04-05 19:11:32             SUCCESS             MOFSLOPENAPI.py             GetManufacturerunknown
2025-04-05 19:11:32             SUCCESS             MOFSLOPENAPI.py             Initilize Constructor Done
2025-04-05 19:11:32             SUCCESS             MOFSLOPENAPI.py             Initilize login request send
2025-04-05 19:11:32             SUCCESS             MOFSLOPENAPI.py             Initilize Post WebRequest Sent
2025-04-05 19:11:32             SUCCESS             MOFSLOPENAPI.py             Post WebRequest Send Successfully
2025-04-05 19:11:32             SUCCESS             MOFSLOPENAPI.py             Login sucessfully
2025-04-05 19:13:09             SUCCESS             MOFSLOPENAPI.py             Initilize Constructor
2025-04-05 19:13:10             SUCCESS             MOFSLOPENAPI.py             GetManufacturerunknown
2025-04-05 19:13:10             SUCCESS             MOFSLOPENAPI.py             Initilize Constructor Done
2025-04-05 19:13:10             SUCCESS             MOFSLOPENAPI.py             Initilize login request send
2025-04-05 19:13:10             SUCCESS             MOFSLOPENAPI.py             Initilize Post WebRequest Sent
2025-04-05 19:13:15             SUCCESS             MOFSLOPENAPI.py             Post WebRequest Send Successfully
2025-04-05 19:13:15             SUCCESS             MOFSLOPENAPI.py             Login sucessfully
2025-04-05 19:30:50             SUCCESS             MOFSLOPENAPI.py             Initilize Constructor
2025-04-05 19:30:51             SUCCESS             MOFSLOPENAPI.py             GetManufacturerunknown
2025-04-05 19:30:51             SUCCESS             MOFSLOPENAPI.py             Initilize Constructor Done
2025-04-05 19:30:51             SUCCESS             MOFSLOPENAPI.py             Initilize login request send
2025-04-05 19:30:51             SUCCESS             MOFSLOPENAPI.py             Initilize Post WebRequest Sent
2025-04-05 19:30:56             SUCCESS             MOFSLOPENAPI.py             Post WebRequest Send Successfully
2025-04-05 19:30:56             SUCCESS             MOFSLOPENAPI.py             Login sucessfully
