2025-04-06 10:12:30             SUCCESS             MOFSLOPENAPI.py             Initilize Constructor
2025-04-06 10:12:30             SUCCESS             MOFSLOPENAPI.py             GetManufacturerunknown
2025-04-06 10:12:30             SUCCESS             MOFSLOPENAPI.py             Initilize Constructor Done
2025-04-06 10:12:30             SUCCESS             MOFSLOPENAPI.py             Initilize login request send
2025-04-06 10:12:30             SUCCESS             MOFSLOPENAPI.py             Initilize Post WebRequest Sent
2025-04-06 10:12:31             SUCCESS             MOFSLOPENAPI.py             Post WebRequest Send Successfully
2025-04-06 10:12:31             SUCCESS             MOFSLOPENAPI.py             Login sucessfully
2025-04-06 10:12:43             SUCCESS             MOFSLOPENAPI.py             Initilaize verifyotp request send
2025-04-06 10:12:43             SUCCESS             MOFSLOPENAPI.py             Initilize Post WebRequest Sent
2025-04-06 10:12:43             SUCCESS             MOFSLOPENAPI.py             Post WebRequest Send Successfully
2025-04-06 10:12:43             SUCCESS             MOFSLOPENAPI.py             verifyotp request sent Successfully
2025-04-06 10:15:53             SUCCESS             MOFSLOPENAPI.py             Initilize login request send
2025-04-06 10:15:53             SUCCESS             MOFSLOPENAPI.py             Initilize Post WebRequest Sent
2025-04-06 10:15:54             SUCCESS             MOFSLOPENAPI.py             Post WebRequest Send Successfully
2025-04-06 10:15:54             SUCCESS             MOFSLOPENAPI.py             Login sucessfully
2025-04-06 10:27:48             SUCCESS             MOFSLOPENAPI.py             Initilize login request send
2025-04-06 10:27:48             SUCCESS             MOFSLOPENAPI.py             Initilize Post WebRequest Sent
2025-04-06 10:27:49             SUCCESS             MOFSLOPENAPI.py             Post WebRequest Send Successfully
2025-04-06 10:27:49             SUCCESS             MOFSLOPENAPI.py             Login sucessfully
2025-04-06 10:48:21             SUCCESS             MOFSLOPENAPI.py             Initilize login request send
2025-04-06 10:48:21             SUCCESS             MOFSLOPENAPI.py             Initilize Post WebRequest Sent
2025-04-06 10:48:21             SUCCESS             MOFSLOPENAPI.py             Post WebRequest Send Successfully
2025-04-06 10:48:21             SUCCESS             MOFSLOPENAPI.py             Login sucessfully
2025-04-06 10:57:58             SUCCESS             MOFSLOPENAPI.py             Initilize Constructor
2025-04-06 10:57:59             SUCCESS             MOFSLOPENAPI.py             GetManufacturerunknown
2025-04-06 10:57:59             SUCCESS             MOFSLOPENAPI.py             Initilize Constructor Done
2025-04-06 10:57:59             SUCCESS             MOFSLOPENAPI.py             Initilize login request send
2025-04-06 10:57:59             SUCCESS             MOFSLOPENAPI.py             Initilize Post WebRequest Sent
2025-04-06 10:57:59             SUCCESS             MOFSLOPENAPI.py             Post WebRequest Send Successfully
2025-04-06 10:57:59             SUCCESS             MOFSLOPENAPI.py             Login sucessfully
2025-04-06 10:58:20             SUCCESS             MOFSLOPENAPI.py             Initilize login request send
2025-04-06 10:58:20             SUCCESS             MOFSLOPENAPI.py             Initilize Post WebRequest Sent
2025-04-06 10:58:20             SUCCESS             MOFSLOPENAPI.py             Post WebRequest Send Successfully
2025-04-06 10:58:20             SUCCESS             MOFSLOPENAPI.py             Login sucessfully
2025-04-06 12:20:14             SUCCESS             MOFSLOPENAPI.py             Initilize Constructor
2025-04-06 12:20:17             SUCCESS             MOFSLOPENAPI.py             GetManufacturerunknown
2025-04-06 12:20:17             SUCCESS             MOFSLOPENAPI.py             Initilize Constructor Done
2025-04-06 12:20:17             SUCCESS             MOFSLOPENAPI.py             Initilize login request send
2025-04-06 12:20:17             SUCCESS             MOFSLOPENAPI.py             Initilize Post WebRequest Sent
2025-04-06 12:20:17             SUCCESS             MOFSLOPENAPI.py             Post WebRequest Send Successfully
2025-04-06 12:20:17             SUCCESS             MOFSLOPENAPI.py             Login sucessfully
2025-04-06 12:21:51             SUCCESS             MOFSLOPENAPI.py             Initilize login request send
2025-04-06 12:21:51             SUCCESS             MOFSLOPENAPI.py             Initilize Post WebRequest Sent
2025-04-06 12:21:51             SUCCESS             MOFSLOPENAPI.py             Post WebRequest Send Successfully
2025-04-06 12:21:51             SUCCESS             MOFSLOPENAPI.py             Login sucessfully
2025-04-06 12:22:48             SUCCESS             MOFSLOPENAPI.py             Initilize login request send
2025-04-06 12:22:48             SUCCESS             MOFSLOPENAPI.py             Initilize Post WebRequest Sent
2025-04-06 12:22:49             SUCCESS             MOFSLOPENAPI.py             Post WebRequest Send Successfully
2025-04-06 12:22:49             SUCCESS             MOFSLOPENAPI.py             Login sucessfully
